[05/Apr/2016 04:11:40]"GET / HTTP/1.1" 200 1767
[05/Apr/2016 04:11:41]"GET / HTTP/1.1" 200 1767
[05/Apr/2016 04:11:41]"GET / HTTP/1.1" 200 1767
[05/Apr/2016 04:11:41]"GET / HTTP/1.1" 200 1767
Performing system checks...

System check identified no issues (0 silenced).
April 05, 2016 - 04:11:39
Django version 1.8, using settings 'mysite.settings'
Starting development server at http://0:8000/
Quit the server with CONTROL-C.
Performing system checks...

System check identified no issues (0 silenced).
April 05, 2016 - 04:13:19
Django version 1.8, using settings 'mysite.settings'
Starting development server at http://0:8000/
Quit the server with CONTROL-C.
Traceback (most recent call last):
  File "manage.py", line 10, in <module>
    execute_from_command_line(sys.argv)
  File "/root/바탕화면/DJango/myvenv/lib/python3.4/site-packages/django/core/management/__init__.py", line 338, in execute_from_command_line
    utility.execute()
  File "/root/바탕화면/DJango/myvenv/lib/python3.4/site-packages/django/core/management/__init__.py", line 312, in execute
    django.setup()
  File "/root/바탕화면/DJango/myvenv/lib/python3.4/site-packages/django/__init__.py", line 18, in setup
    apps.populate(settings.INSTALLED_APPS)
  File "/root/바탕화면/DJango/myvenv/lib/python3.4/site-packages/django/apps/registry.py", line 108, in populate
    app_config.import_models(all_models)
  File "/root/바탕화면/DJango/myvenv/lib/python3.4/site-packages/django/apps/config.py", line 198, in import_models
    self.models_module = import_module(models_module_name)
  File "/usr/lib/python3.4/importlib/__init__.py", line 109, in import_module
    return _bootstrap._gcd_import(name[level:], package, level)
  File "<frozen importlib._bootstrap>", line 2254, in _gcd_import
  File "<frozen importlib._bootstrap>", line 2237, in _find_and_load
  File "<frozen importlib._bootstrap>", line 2226, in _find_and_load_unlocked
  File "<frozen importlib._bootstrap>", line 1200, in _load_unlocked
  File "<frozen importlib._bootstrap>", line 1129, in _exec
  File "<frozen importlib._bootstrap>", line 1467, in exec_module
  File "<frozen importlib._bootstrap>", line 1572, in get_code
  File "<frozen importlib._bootstrap>", line 1532, in source_to_code
  File "<frozen importlib._bootstrap>", line 321, in _call_with_frames_removed
  File "/root/바탕화면/DJango/blog/models.py", line 5
    class Post(models.Model):
    ^
IndentationError: unexpected indent
Traceback (most recent call last):
  File "manage.py", line 10, in <module>
    execute_from_command_line(sys.argv)
  File "/root/바탕화면/DJango/myvenv/lib/python3.4/site-packages/django/core/management/__init__.py", line 338, in execute_from_command_line
    utility.execute()
  File "/root/바탕화면/DJango/myvenv/lib/python3.4/site-packages/django/core/management/__init__.py", line 312, in execute
    django.setup()
  File "/root/바탕화면/DJango/myvenv/lib/python3.4/site-packages/django/__init__.py", line 18, in setup
    apps.populate(settings.INSTALLED_APPS)
  File "/root/바탕화면/DJango/myvenv/lib/python3.4/site-packages/django/apps/registry.py", line 108, in populate
    app_config.import_models(all_models)
  File "/root/바탕화면/DJango/myvenv/lib/python3.4/site-packages/django/apps/config.py", line 198, in import_models
    self.models_module = import_module(models_module_name)
  File "/usr/lib/python3.4/importlib/__init__.py", line 109, in import_module
    return _bootstrap._gcd_import(name[level:], package, level)
  File "<frozen importlib._bootstrap>", line 2254, in _gcd_import
  File "<frozen importlib._bootstrap>", line 2237, in _find_and_load
  File "<frozen importlib._bootstrap>", line 2226, in _find_and_load_unlocked
  File "<frozen importlib._bootstrap>", line 1200, in _load_unlocked
  File "<frozen importlib._bootstrap>", line 1129, in _exec
  File "<frozen importlib._bootstrap>", line 1467, in exec_module
  File "<frozen importlib._bootstrap>", line 1572, in get_code
  File "<frozen importlib._bootstrap>", line 1532, in source_to_code
  File "<frozen importlib._bootstrap>", line 321, in _call_with_frames_removed
  File "/root/바탕화면/DJango/blog/models.py", line 1
    from django.db import models
    ^
IndentationError: unexpected indent
[05/Apr/2016 04:24:47]"GET / HTTP/1.1" 200 1767
Performing system checks...

System check identified no issues (0 silenced).
April 05, 2016 - 04:24:41
Django version 1.8, using settings 'mysite.settings'
Starting development server at http://0:8000/
Quit the server with CONTROL-C.
Performing system checks...

System check identified no issues (0 silenced).
April 05, 2016 - 04:25:48
Django version 1.8, using settings 'mysite.settings'
Starting development server at http://0:8000/
Quit the server with CONTROL-C.
[05/Apr/2016 04:26:33]"GET /blog/ HTTP/1.1" 404 1921
[05/Apr/2016 04:26:37]"GET /admin/ HTTP/1.1" 302 0
[05/Apr/2016 04:26:37]"GET /admin/login/?next=/admin/ HTTP/1.1" 200 1919
[05/Apr/2016 04:26:37]"GET /static/admin/css/login.css HTTP/1.1" 200 940
[05/Apr/2016 04:26:37]"GET /static/admin/css/base.css HTTP/1.1" 200 14049
[05/Apr/2016 04:26:37]"GET /static/admin/img/nav-bg.gif HTTP/1.1" 200 265
[05/Apr/2016 04:26:43]"POST /admin/login/?next=/admin/ HTTP/1.1" 302 0
[05/Apr/2016 04:26:43]"GET /admin/ HTTP/1.1" 200 3642
[05/Apr/2016 04:26:43]"GET /static/admin/css/dashboard.css HTTP/1.1" 200 434
[05/Apr/2016 04:26:43]"GET /static/admin/css/base.css HTTP/1.1" 304 0
[05/Apr/2016 04:26:43]"GET /static/admin/img/default-bg.gif HTTP/1.1" 200 836
[05/Apr/2016 04:26:43]"GET /static/admin/img/icon_addlink.gif HTTP/1.1" 200 119
[05/Apr/2016 04:26:43]"GET /static/admin/img/icon_changelink.gif HTTP/1.1" 200 119
[05/Apr/2016 04:26:43]"GET /static/admin/img/nav-bg.gif HTTP/1.1" 304 0
[05/Apr/2016 04:26:47]"GET /admin/blog/post/ HTTP/1.1" 200 3141
[05/Apr/2016 04:26:47]"GET /static/admin/css/changelists.css HTTP/1.1" 200 5254
[05/Apr/2016 04:26:47]"GET /static/admin/css/base.css HTTP/1.1" 304 0
[05/Apr/2016 04:26:47]"GET /static/admin/js/core.js HTTP/1.1" 200 7522
[05/Apr/2016 04:26:47]"GET /static/admin/js/admin/RelatedObjectLookups.js HTTP/1.1" 200 4464
[05/Apr/2016 04:26:47]"GET /static/admin/js/jquery.init.js HTTP/1.1" 200 326
[05/Apr/2016 04:26:47]"GET /admin/jsi18n/ HTTP/1.1" 200 2344
[05/Apr/2016 04:26:47]"GET /static/admin/js/actions.js HTTP/1.1" 200 4910
[05/Apr/2016 04:26:47]"GET /static/admin/js/jquery.js HTTP/1.1" 200 284184
[05/Apr/2016 04:26:47]"GET /static/admin/img/nav-bg-reverse.gif HTTP/1.1" 200 178
[05/Apr/2016 04:26:47]"GET /static/admin/img/nav-bg.gif HTTP/1.1" 304 0
[05/Apr/2016 04:26:47]"GET /static/admin/img/tooltag-add.png HTTP/1.1" 200 119
[05/Apr/2016 04:26:50]"GET /admin/auth/user/ HTTP/1.1" 200 6608
[05/Apr/2016 04:26:50]"GET /static/admin/css/base.css HTTP/1.1" 304 0
[05/Apr/2016 04:26:50]"GET /static/admin/css/changelists.css HTTP/1.1" 304 0
[05/Apr/2016 04:26:50]"GET /static/admin/js/jquery.js HTTP/1.1" 304 0
[05/Apr/2016 04:26:50]"GET /static/admin/js/core.js HTTP/1.1" 304 0
[05/Apr/2016 04:26:50]"GET /static/admin/js/admin/RelatedObjectLookups.js HTTP/1.1" 304 0
[05/Apr/2016 04:26:50]"GET /static/admin/js/jquery.init.js HTTP/1.1" 304 0
[05/Apr/2016 04:26:50]"GET /admin/jsi18n/ HTTP/1.1" 200 2344
[05/Apr/2016 04:26:50]"GET /static/admin/js/actions.js HTTP/1.1" 304 0
[05/Apr/2016 04:26:50]"GET /static/admin/img/icon_searchbox.png HTTP/1.1" 200 368
[05/Apr/2016 04:26:50]"GET /static/admin/img/icon-yes.gif HTTP/1.1" 200 299
[05/Apr/2016 04:26:51]"GET /static/admin/img/changelist-bg.gif HTTP/1.1" 200 50
[05/Apr/2016 04:26:51]"GET /static/admin/img/nav-bg.gif HTTP/1.1" 304 0
[05/Apr/2016 04:26:51]"GET /static/admin/img/nav-bg-selected.gif HTTP/1.1" 200 265
[05/Apr/2016 04:26:51]"GET /static/admin/img/sorting-icons.gif HTTP/1.1" 200 369
[05/Apr/2016 04:26:53]"GET /admin/auth/group/ HTTP/1.1" 200 3596
[05/Apr/2016 04:26:53]"GET /static/admin/js/core.js HTTP/1.1" 304 0
[05/Apr/2016 04:26:53]"GET /static/admin/js/admin/RelatedObjectLookups.js HTTP/1.1" 304 0
[05/Apr/2016 04:26:53]"GET /static/admin/css/base.css HTTP/1.1" 304 0
[05/Apr/2016 04:26:53]"GET /static/admin/js/jquery.js HTTP/1.1" 304 0
[05/Apr/2016 04:26:53]"GET /static/admin/css/changelists.css HTTP/1.1" 304 0
[05/Apr/2016 04:26:53]"GET /static/admin/js/jquery.init.js HTTP/1.1" 304 0
[05/Apr/2016 04:26:53]"GET /admin/jsi18n/ HTTP/1.1" 200 2344
[05/Apr/2016 04:26:53]"GET /static/admin/js/actions.js HTTP/1.1" 304 0
[05/Apr/2016 04:26:53]"GET /static/admin/img/icon_searchbox.png HTTP/1.1" 304 0
[05/Apr/2016 04:26:55]"GET /admin/blog/post/ HTTP/1.1" 200 3141
[05/Apr/2016 04:26:55]"GET /static/admin/css/changelists.css HTTP/1.1" 304 0
[05/Apr/2016 04:26:55]"GET /static/admin/css/base.css HTTP/1.1" 304 0
[05/Apr/2016 04:26:55]"GET /admin/jsi18n/ HTTP/1.1" 200 2344
[05/Apr/2016 04:26:55]"GET /static/admin/js/core.js HTTP/1.1" 304 0
[05/Apr/2016 04:26:55]"GET /static/admin/js/jquery.js HTTP/1.1" 304 0
[05/Apr/2016 04:26:55]"GET /static/admin/js/admin/RelatedObjectLookups.js HTTP/1.1" 304 0
[05/Apr/2016 04:26:55]"GET /static/admin/js/jquery.init.js HTTP/1.1" 304 0
[05/Apr/2016 04:26:55]"GET /static/admin/js/actions.js HTTP/1.1" 304 0
[05/Apr/2016 04:26:56]"GET /admin/blog/post/add/ HTTP/1.1" 200 7556
[05/Apr/2016 04:26:56]"GET /static/admin/css/base.css HTTP/1.1" 304 0
[05/Apr/2016 04:26:56]"GET /static/admin/css/forms.css HTTP/1.1" 200 6266
[05/Apr/2016 04:26:56]"GET /admin/jsi18n/ HTTP/1.1" 200 2344
[05/Apr/2016 04:26:56]"GET /static/admin/js/core.js HTTP/1.1" 304 0
[05/Apr/2016 04:26:56]"GET /static/admin/js/admin/RelatedObjectLookups.js HTTP/1.1" 304 0
[05/Apr/2016 04:26:56]"GET /static/admin/js/jquery.js HTTP/1.1" 304 0
[05/Apr/2016 04:26:56]"GET /static/admin/js/jquery.init.js HTTP/1.1" 304 0
[05/Apr/2016 04:26:56]"GET /static/admin/js/related-widget-wrapper.js HTTP/1.1" 200 857
[05/Apr/2016 04:26:56]"GET /static/admin/js/actions.js HTTP/1.1" 304 0
[05/Apr/2016 04:26:56]"GET /static/admin/css/widgets.css HTTP/1.1" 200 10430
[05/Apr/2016 04:26:56]"GET /static/admin/js/calendar.js HTTP/1.1" 200 5969
[05/Apr/2016 04:26:56]"GET /static/admin/img/icon_changelink.gif HTTP/1.1" 304 0
[05/Apr/2016 04:26:56]"GET /static/admin/js/admin/DateTimeShortcuts.js HTTP/1.1" 200 17161
[05/Apr/2016 04:26:56]"GET /static/admin/img/icon_addlink.gif HTTP/1.1" 304 0
[05/Apr/2016 04:26:56]"GET /static/admin/img/nav-bg.gif HTTP/1.1" 304 0
[05/Apr/2016 04:26:56]"GET /static/admin/img/default-bg.gif HTTP/1.1" 304 0
[05/Apr/2016 04:26:56]"GET /static/admin/img/icon_calendar.gif HTTP/1.1" 200 192
[05/Apr/2016 04:26:56]"GET /static/admin/img/icon_clock.gif HTTP/1.1" 200 390
[05/Apr/2016 04:27:30]"GET /static/admin/img/default-bg-reverse.gif HTTP/1.1" 200 835
[05/Apr/2016 04:27:30]"POST /admin/blog/post/add/ HTTP/1.1" 302 0
[05/Apr/2016 04:27:30]"GET /admin/blog/post/ HTTP/1.1" 200 4505
[05/Apr/2016 04:27:30]"GET /static/admin/css/changelists.css HTTP/1.1" 304 0
[05/Apr/2016 04:27:30]"GET /static/admin/css/base.css HTTP/1.1" 304 0
[05/Apr/2016 04:27:30]"GET /static/admin/js/jquery.js HTTP/1.1" 304 0
[05/Apr/2016 04:27:30]"GET /admin/jsi18n/ HTTP/1.1" 200 2344
[05/Apr/2016 04:27:30]"GET /static/admin/js/core.js HTTP/1.1" 304 0
[05/Apr/2016 04:27:30]"GET /static/admin/js/actions.js HTTP/1.1" 304 0
[05/Apr/2016 04:27:30]"GET /static/admin/js/admin/RelatedObjectLookups.js HTTP/1.1" 304 0
[05/Apr/2016 04:27:30]"GET /static/admin/js/jquery.init.js HTTP/1.1" 304 0
[05/Apr/2016 04:27:30]"GET /static/admin/img/icon_success.gif HTTP/1.1" 200 341
[05/Apr/2016 04:27:35]"GET /admin/ HTTP/1.1" 200 3977
[05/Apr/2016 04:27:35]"GET /static/admin/css/base.css HTTP/1.1" 304 0
[05/Apr/2016 04:27:35]"GET /static/admin/css/dashboard.css HTTP/1.1" 304 0
[05/Apr/2016 04:27:36]"GET /admin/blog/post/ HTTP/1.1" 200 4332
[05/Apr/2016 04:27:36]"GET /static/admin/css/changelists.css HTTP/1.1" 304 0
[05/Apr/2016 04:27:36]"GET /static/admin/css/base.css HTTP/1.1" 304 0
[05/Apr/2016 04:27:36]"GET /static/admin/js/core.js HTTP/1.1" 304 0
[05/Apr/2016 04:27:36]"GET /static/admin/js/admin/RelatedObjectLookups.js HTTP/1.1" 304 0
[05/Apr/2016 04:27:36]"GET /admin/jsi18n/ HTTP/1.1" 200 2344
[05/Apr/2016 04:27:36]"GET /static/admin/js/jquery.js HTTP/1.1" 304 0
[05/Apr/2016 04:27:36]"GET /static/admin/js/jquery.init.js HTTP/1.1" 304 0
[05/Apr/2016 04:27:36]"GET /static/admin/js/actions.js HTTP/1.1" 304 0
[05/Apr/2016 04:27:37]"GET /admin/blog/post/1/ HTTP/1.1" 200 7874
[05/Apr/2016 04:27:37]"GET /static/admin/css/base.css HTTP/1.1" 304 0
[05/Apr/2016 04:27:37]"GET /static/admin/css/forms.css HTTP/1.1" 304 0
[05/Apr/2016 04:27:37]"GET /static/admin/js/core.js HTTP/1.1" 304 0
[05/Apr/2016 04:27:37]"GET /admin/jsi18n/ HTTP/1.1" 200 2344
[05/Apr/2016 04:27:37]"GET /static/admin/js/admin/RelatedObjectLookups.js HTTP/1.1" 304 0
[05/Apr/2016 04:27:37]"GET /static/admin/js/jquery.js HTTP/1.1" 304 0
[05/Apr/2016 04:27:37]"GET /static/admin/js/jquery.init.js HTTP/1.1" 304 0
[05/Apr/2016 04:27:37]"GET /static/admin/js/actions.js HTTP/1.1" 304 0
[05/Apr/2016 04:27:37]"GET /static/admin/js/related-widget-wrapper.js HTTP/1.1" 304 0
